[2024-03-28 11:59:10,485] multiqc                                            [DEBUG  ]  This is MultiQC v1.14
[2024-03-28 11:59:10,485] multiqc                                            [DEBUG  ]  Command used: /home/sam/programs/mambaforge/bin/multiqc .
[2024-03-28 11:59:11,458] multiqc                                            [WARNING]  MultiQC Version v1.21 now available!
[2024-03-28 11:59:11,458] multiqc                                            [DEBUG  ]  Working dir : /home/shared/8TB_HDD_01/sam/gitrepos/RobertsLab/sams-notebook/posts/2024/2024-02-02-sRNA-seq-Paired-Read-Merging-Exploratios---Coral-E5-Deep-Dive
[2024-03-28 11:59:11,459] multiqc                                            [DEBUG  ]  Template    : default
[2024-03-28 11:59:11,459] multiqc                                            [DEBUG  ]  Running Python 3.10.10 | packaged by conda-forge | (main, Mar 24 2023, 20:08:06) [GCC 11.3.0]
[2024-03-28 11:59:11,460] multiqc                                            [DEBUG  ]  Analysing modules: custom_content, ccs, ngsderive, purple, conpair, lima, peddy, somalier, methylQA, mosdepth, phantompeakqualtools, qualimap, preseq, hifiasm, quast, qorts, rna_seqc, rockhopper, rsem, rseqc, busco, bustools, goleft_indexcov, gffcompare, disambiguate, supernova, deeptools, sargasso, verifybamid, mirtrace, happy, mirtop, sambamba, gopeaks, homer, hops, macs2, theta2, snpeff, gatk, htseq, bcftools, featureCounts, fgbio, dragen, dragen_fastqc, dedup, pbmarkdup, damageprofiler, biobambam2, jcvi, mtnucratio, picard, vep, sentieon, prokka, qc3C, nanostat, samblaster, samtools, sexdeterrmine, eigenstratdatabasetools, bamtools, jellyfish, vcftools, longranger, stacks, varscan2, snippy, umitools, bbmap, bismark, biscuit, diamond, hicexplorer, hicup, hicpro, salmon, kallisto, slamdunk, star, hisat2, tophat, bowtie2, bowtie1, cellranger, snpsplit, odgi, pangolin, nextclade, humid, kat, leehom, adapterRemoval, bbduk, clipandmerge, cutadapt, flexbar, kaiju, kraken, malt, motus, trimmomatic, sickle, skewer, sortmerna, biobloomtools, fastq_screen, afterqc, fastp, fastqc, filtlong, prinseqplusplus, pychopper, porechop, pycoqc, minionqc, anglerfish, multivcfanalyzer, clusterflow, checkqc, bcl2fastq, bclconvert, interop, ivar, flash, seqyclean, optitype, whatshap
[2024-03-28 11:59:11,460] multiqc                                            [DEBUG  ]  Using temporary directory for creating report: /tmp/tmpi3_eo1px
[2024-03-28 11:59:11,603] multiqc                                            [INFO   ]  Search path : /home/shared/8TB_HDD_01/sam/gitrepos/RobertsLab/sams-notebook/posts/2024/2024-02-02-sRNA-seq-Paired-Read-Merging-Exploratios---Coral-E5-Deep-Dive
[2024-03-28 11:59:12,708] multiqc                                            [DEBUG  ]  Summary of files that were skipped by the search: [skipped_file_contents_search_errors: 5664] // [skipped_module_specific_max_filesize: 237] // [skipped_no_match: 96] // [skipped_ignore_pattern: 16] // [skipped_directory_fn_ignore_dirs: 1]
[2024-03-28 11:59:13,048] multiqc.plots.bargraph                             [DEBUG  ]  Using matplotlib version 3.7.1
[2024-03-28 11:59:13,048] multiqc.plots.linegraph                            [DEBUG  ]  Using matplotlib version 3.7.1
[2024-03-28 11:59:13,049] multiqc                                            [DEBUG  ]  No samples found: custom_content
[2024-03-28 11:59:13,992] multiqc.modules.fastqc.fastqc                      [INFO   ]  Found 13 reports
[2024-03-28 11:59:14,135] multiqc                                            [INFO   ]  Compressing plot data
[2024-03-28 11:59:14,267] multiqc                                            [WARNING]  Previous MultiQC output found! Adjusting filenames..
[2024-03-28 11:59:14,267] multiqc                                            [WARNING]  Use -f or --force to overwrite existing reports instead
[2024-03-28 11:59:14,267] multiqc                                            [INFO   ]  Report      : multiqc_report_1.html
[2024-03-28 11:59:14,268] multiqc                                            [INFO   ]  Data        : multiqc_data_1
[2024-03-28 11:59:14,268] multiqc                                            [DEBUG  ]  Moving data file from '/tmp/tmpi3_eo1px/multiqc_data' to '/home/shared/8TB_HDD_01/sam/gitrepos/RobertsLab/sams-notebook/posts/2024/2024-02-02-sRNA-seq-Paired-Read-Merging-Exploratios---Coral-E5-Deep-Dive/multiqc_data_1'
[2024-03-28 11:59:14,322] multiqc                                            [INFO   ]  MultiQC complete
